<?xml version="1.0" encoding="UTF-8"?>
<!-- Generated by org.testng.reporters.JUnitReportReporter -->
<testsuite hostname="LAPTOP-JU9GTML8" failures="0" tests="1" name="testCases.Module_01" time="3.525" errors="0" timestamp="2021-11-28T00:00:41 IST" skipped="0">
  <testcase classname="testCases.Module_01" name="TC_01" time="3.525"/>
  <system-out/>
</testsuite> <!-- testCases.Module_01 -->
