<?xml version="1.0" encoding="UTF-8"?>
<!-- Generated by org.testng.reporters.JUnitReportReporter -->
<testsuite skipped="0" hostname="LAPTOP-JU9GTML8" name="testCases.Module_01" tests="1" failures="0" timestamp="2021-11-30T02:02:55 IST" time="4.646" errors="0">
  <testcase name="TC_01" time="4.646" classname="testCases.Module_01"/>
  <system-out/>
</testsuite> <!-- testCases.Module_01 -->
